<?xml version="1.0" encoding="UTF-8"?>
<robot generator="Robot 3.0.2 (Python 3.6.3 on win32)" generated="20180927 20:45:07.098">
<suite id="s1" name="Loop" source="C:\Users\Yacelis\Desktop\Curso\loop.robot">
<test id="s1-t1" name="C001 Abir elementos del homepage">
<kw name="abrir homepage">
<kw name="Open Browser" library="SeleniumLibrary">
<doc>Opens a new browser instance to the given ``url``.</doc>
<arguments>
<arg>${esquema}://${homepage}</arg>
<arg>${navegador}</arg>
</arguments>
<msg timestamp="20180927 20:45:07.297" level="INFO">Opening browser 'gc' to base url 'http://automationpractice.com/index.php'.</msg>
<status status="PASS" starttime="20180927 20:45:07.296" endtime="20180927 20:45:17.257"></status>
</kw>
<status status="PASS" starttime="20180927 20:45:07.296" endtime="20180927 20:45:17.257"></status>
</kw>
<kw name="Maximize Browser Window" library="SeleniumLibrary">
<doc>Maximizes current browser window.</doc>
<status status="PASS" starttime="20180927 20:45:17.257" endtime="20180927 20:45:18.376"></status>
</kw>
<kw name="${elemento} IN [ @{nombre_de_elementos} ]" type="for">
<kw name="${elemento} = //*[@id=&quot;homefeatured&quot;]/li[1]/div/div[1]/div/a[2]/span" type="foritem">
<kw name="Log To Console" library="BuiltIn">
<doc>Logs the given message to the console.</doc>
<arguments>
<arg>${contador}</arg>
</arguments>
<status status="PASS" starttime="20180927 20:45:18.377" endtime="20180927 20:45:18.378"></status>
</kw>
<kw name="Mouse Over" library="SeleniumLibrary">
<doc>Simulates hovering mouse over the element ``locator``.</doc>
<arguments>
<arg>xpath=@{elementos_hover}[${contador}]</arg>
</arguments>
<msg timestamp="20180927 20:45:18.379" level="INFO">Simulating Mouse Over on element 'xpath=//*[@id="homefeatured"]/li[1]/div/div[1]/div/a[1]/img'.</msg>
<status status="PASS" starttime="20180927 20:45:18.378" endtime="20180927 20:45:18.448"></status>
</kw>
<kw name="Wait Until Element Is Visible" library="SeleniumLibrary">
<doc>Waits until element ``locator`` is visible.</doc>
<arguments>
<arg>xpath=${elemento}</arg>
</arguments>
<status status="PASS" starttime="20180927 20:45:18.448" endtime="20180927 20:45:18.498"></status>
</kw>
<kw name="Click Element" library="SeleniumLibrary">
<doc>Click element identified by ``locator``.</doc>
<arguments>
<arg>xpath=${elemento}</arg>
</arguments>
<msg timestamp="20180927 20:45:18.499" level="INFO">Clicking element 'xpath=//*[@id="homefeatured"]/li[1]/div/div[1]/div/a[2]/span'.</msg>
<status status="PASS" starttime="20180927 20:45:18.498" endtime="20180927 20:45:21.856"></status>
</kw>
<kw name="Wait Until Element Is Visible" library="SeleniumLibrary">
<doc>Waits until element ``locator`` is visible.</doc>
<arguments>
<arg>xpath=//*[@id="index"]/div[2]/div/div/a</arg>
</arguments>
<status status="PASS" starttime="20180927 20:45:21.856" endtime="20180927 20:45:22.175"></status>
</kw>
<kw name="Click Element" library="SeleniumLibrary">
<doc>Click element identified by ``locator``.</doc>
<arguments>
<arg>xpath=//*[@id="index"]/div[2]/div/div/a</arg>
</arguments>
<msg timestamp="20180927 20:45:22.175" level="INFO">Clicking element 'xpath=//*[@id="index"]/div[2]/div/div/a'.</msg>
<status status="PASS" starttime="20180927 20:45:22.175" endtime="20180927 20:45:22.239"></status>
</kw>
<kw name="Evaluate" library="BuiltIn">
<doc>Evaluates the given expression in Python and returns the results.</doc>
<arguments>
<arg>${contador} + 1</arg>
</arguments>
<assign>
<var>${contador}</var>
</assign>
<msg timestamp="20180927 20:45:22.239" level="INFO">${contador} = 1</msg>
<status status="PASS" starttime="20180927 20:45:22.239" endtime="20180927 20:45:22.239"></status>
</kw>
<status status="PASS" starttime="20180927 20:45:18.377" endtime="20180927 20:45:22.239"></status>
</kw>
<kw name="${elemento} = //*[@id=&quot;homefeatured&quot;]/li[2]/div/div[1]/div/a[2]/span" type="foritem">
<kw name="Log To Console" library="BuiltIn">
<doc>Logs the given message to the console.</doc>
<arguments>
<arg>${contador}</arg>
</arguments>
<status status="PASS" starttime="20180927 20:45:22.240" endtime="20180927 20:45:22.240"></status>
</kw>
<kw name="Mouse Over" library="SeleniumLibrary">
<doc>Simulates hovering mouse over the element ``locator``.</doc>
<arguments>
<arg>xpath=@{elementos_hover}[${contador}]</arg>
</arguments>
<msg timestamp="20180927 20:45:22.241" level="INFO">Simulating Mouse Over on element 'xpath=//*[@id="homefeatured"]/li[2]/div/div[1]/div/a[1]/img'.</msg>
<status status="PASS" starttime="20180927 20:45:22.240" endtime="20180927 20:45:22.299"></status>
</kw>
<kw name="Wait Until Element Is Visible" library="SeleniumLibrary">
<doc>Waits until element ``locator`` is visible.</doc>
<arguments>
<arg>xpath=${elemento}</arg>
</arguments>
<status status="PASS" starttime="20180927 20:45:22.299" endtime="20180927 20:45:22.795"></status>
</kw>
<kw name="Click Element" library="SeleniumLibrary">
<doc>Click element identified by ``locator``.</doc>
<arguments>
<arg>xpath=${elemento}</arg>
</arguments>
<msg timestamp="20180927 20:45:22.796" level="INFO">Clicking element 'xpath=//*[@id="homefeatured"]/li[2]/div/div[1]/div/a[2]/span'.</msg>
<status status="PASS" starttime="20180927 20:45:22.795" endtime="20180927 20:45:24.093"></status>
</kw>
<kw name="Wait Until Element Is Visible" library="SeleniumLibrary">
<doc>Waits until element ``locator`` is visible.</doc>
<arguments>
<arg>xpath=//*[@id="index"]/div[2]/div/div/a</arg>
</arguments>
<status status="PASS" starttime="20180927 20:45:24.094" endtime="20180927 20:45:24.589"></status>
</kw>
<kw name="Click Element" library="SeleniumLibrary">
<doc>Click element identified by ``locator``.</doc>
<arguments>
<arg>xpath=//*[@id="index"]/div[2]/div/div/a</arg>
</arguments>
<msg timestamp="20180927 20:45:24.590" level="INFO">Clicking element 'xpath=//*[@id="index"]/div[2]/div/div/a'.</msg>
<status status="PASS" starttime="20180927 20:45:24.590" endtime="20180927 20:45:24.658"></status>
</kw>
<kw name="Evaluate" library="BuiltIn">
<doc>Evaluates the given expression in Python and returns the results.</doc>
<arguments>
<arg>${contador} + 1</arg>
</arguments>
<assign>
<var>${contador}</var>
</assign>
<msg timestamp="20180927 20:45:24.659" level="INFO">${contador} = 2</msg>
<status status="PASS" starttime="20180927 20:45:24.659" endtime="20180927 20:45:24.659"></status>
</kw>
<status status="PASS" starttime="20180927 20:45:22.240" endtime="20180927 20:45:24.660"></status>
</kw>
<kw name="${elemento} = //*[@id=&quot;homefeatured&quot;]/li[3]/div/div[1]/div/a[2]/span" type="foritem">
<kw name="Log To Console" library="BuiltIn">
<doc>Logs the given message to the console.</doc>
<arguments>
<arg>${contador}</arg>
</arguments>
<status status="PASS" starttime="20180927 20:45:24.660" endtime="20180927 20:45:24.660"></status>
</kw>
<kw name="Mouse Over" library="SeleniumLibrary">
<doc>Simulates hovering mouse over the element ``locator``.</doc>
<arguments>
<arg>xpath=@{elementos_hover}[${contador}]</arg>
</arguments>
<msg timestamp="20180927 20:45:24.662" level="INFO">Simulating Mouse Over on element 'xpath=//*[@id="homefeatured"]/li[3]/div/div[1]/div/a[1]/img'.</msg>
<status status="PASS" starttime="20180927 20:45:24.661" endtime="20180927 20:45:24.723"></status>
</kw>
<kw name="Wait Until Element Is Visible" library="SeleniumLibrary">
<doc>Waits until element ``locator`` is visible.</doc>
<arguments>
<arg>xpath=${elemento}</arg>
</arguments>
<status status="PASS" starttime="20180927 20:45:24.723" endtime="20180927 20:45:25.203"></status>
</kw>
<kw name="Click Element" library="SeleniumLibrary">
<doc>Click element identified by ``locator``.</doc>
<arguments>
<arg>xpath=${elemento}</arg>
</arguments>
<msg timestamp="20180927 20:45:25.203" level="INFO">Clicking element 'xpath=//*[@id="homefeatured"]/li[3]/div/div[1]/div/a[2]/span'.</msg>
<status status="PASS" starttime="20180927 20:45:25.203" endtime="20180927 20:45:26.174"></status>
</kw>
<kw name="Wait Until Element Is Visible" library="SeleniumLibrary">
<doc>Waits until element ``locator`` is visible.</doc>
<arguments>
<arg>xpath=//*[@id="index"]/div[2]/div/div/a</arg>
</arguments>
<status status="PASS" starttime="20180927 20:45:26.174" endtime="20180927 20:45:26.677"></status>
</kw>
<kw name="Click Element" library="SeleniumLibrary">
<doc>Click element identified by ``locator``.</doc>
<arguments>
<arg>xpath=//*[@id="index"]/div[2]/div/div/a</arg>
</arguments>
<msg timestamp="20180927 20:45:26.677" level="INFO">Clicking element 'xpath=//*[@id="index"]/div[2]/div/div/a'.</msg>
<status status="PASS" starttime="20180927 20:45:26.677" endtime="20180927 20:45:26.754"></status>
</kw>
<kw name="Evaluate" library="BuiltIn">
<doc>Evaluates the given expression in Python and returns the results.</doc>
<arguments>
<arg>${contador} + 1</arg>
</arguments>
<assign>
<var>${contador}</var>
</assign>
<msg timestamp="20180927 20:45:26.755" level="INFO">${contador} = 3</msg>
<status status="PASS" starttime="20180927 20:45:26.755" endtime="20180927 20:45:26.755"></status>
</kw>
<status status="PASS" starttime="20180927 20:45:24.660" endtime="20180927 20:45:26.755"></status>
</kw>
<kw name="${elemento} = //*[@id=&quot;homefeatured&quot;]/li[4]/div/div[1]/div/a[2]/span" type="foritem">
<kw name="Log To Console" library="BuiltIn">
<doc>Logs the given message to the console.</doc>
<arguments>
<arg>${contador}</arg>
</arguments>
<status status="PASS" starttime="20180927 20:45:26.756" endtime="20180927 20:45:26.756"></status>
</kw>
<kw name="Mouse Over" library="SeleniumLibrary">
<doc>Simulates hovering mouse over the element ``locator``.</doc>
<arguments>
<arg>xpath=@{elementos_hover}[${contador}]</arg>
</arguments>
<msg timestamp="20180927 20:45:26.757" level="INFO">Simulating Mouse Over on element 'xpath=//*[@id="homefeatured"]/li[4]/div/div[1]/div/a[1]/img'.</msg>
<status status="PASS" starttime="20180927 20:45:26.757" endtime="20180927 20:45:26.830"></status>
</kw>
<kw name="Wait Until Element Is Visible" library="SeleniumLibrary">
<doc>Waits until element ``locator`` is visible.</doc>
<arguments>
<arg>xpath=${elemento}</arg>
</arguments>
<status status="PASS" starttime="20180927 20:45:26.831" endtime="20180927 20:45:27.328"></status>
</kw>
<kw name="Click Element" library="SeleniumLibrary">
<doc>Click element identified by ``locator``.</doc>
<arguments>
<arg>xpath=${elemento}</arg>
</arguments>
<msg timestamp="20180927 20:45:27.328" level="INFO">Clicking element 'xpath=//*[@id="homefeatured"]/li[4]/div/div[1]/div/a[2]/span'.</msg>
<status status="PASS" starttime="20180927 20:45:27.328" endtime="20180927 20:45:28.372"></status>
</kw>
<kw name="Wait Until Element Is Visible" library="SeleniumLibrary">
<doc>Waits until element ``locator`` is visible.</doc>
<arguments>
<arg>xpath=//*[@id="index"]/div[2]/div/div/a</arg>
</arguments>
<status status="PASS" starttime="20180927 20:45:28.373" endtime="20180927 20:45:28.871"></status>
</kw>
<kw name="Click Element" library="SeleniumLibrary">
<doc>Click element identified by ``locator``.</doc>
<arguments>
<arg>xpath=//*[@id="index"]/div[2]/div/div/a</arg>
</arguments>
<msg timestamp="20180927 20:45:28.872" level="INFO">Clicking element 'xpath=//*[@id="index"]/div[2]/div/div/a'.</msg>
<status status="PASS" starttime="20180927 20:45:28.871" endtime="20180927 20:45:28.938"></status>
</kw>
<kw name="Evaluate" library="BuiltIn">
<doc>Evaluates the given expression in Python and returns the results.</doc>
<arguments>
<arg>${contador} + 1</arg>
</arguments>
<assign>
<var>${contador}</var>
</assign>
<msg timestamp="20180927 20:45:28.939" level="INFO">${contador} = 4</msg>
<status status="PASS" starttime="20180927 20:45:28.938" endtime="20180927 20:45:28.939"></status>
</kw>
<status status="PASS" starttime="20180927 20:45:26.756" endtime="20180927 20:45:28.939"></status>
</kw>
<kw name="${elemento} = //*[@id=&quot;homefeatured&quot;]/li[5]/div/div[1]/div/a[2]/span" type="foritem">
<kw name="Log To Console" library="BuiltIn">
<doc>Logs the given message to the console.</doc>
<arguments>
<arg>${contador}</arg>
</arguments>
<status status="PASS" starttime="20180927 20:45:28.940" endtime="20180927 20:45:28.941"></status>
</kw>
<kw name="Mouse Over" library="SeleniumLibrary">
<doc>Simulates hovering mouse over the element ``locator``.</doc>
<arguments>
<arg>xpath=@{elementos_hover}[${contador}]</arg>
</arguments>
<msg timestamp="20180927 20:45:28.942" level="INFO">Simulating Mouse Over on element 'xpath=//*[@id="homefeatured"]/li[5]/div/div[1]/div/a[1]/img'.</msg>
<status status="PASS" starttime="20180927 20:45:28.942" endtime="20180927 20:45:29.019"></status>
</kw>
<kw name="Wait Until Element Is Visible" library="SeleniumLibrary">
<doc>Waits until element ``locator`` is visible.</doc>
<arguments>
<arg>xpath=${elemento}</arg>
</arguments>
<status status="PASS" starttime="20180927 20:45:29.019" endtime="20180927 20:45:29.559"></status>
</kw>
<kw name="Click Element" library="SeleniumLibrary">
<doc>Click element identified by ``locator``.</doc>
<arguments>
<arg>xpath=${elemento}</arg>
</arguments>
<msg timestamp="20180927 20:45:29.561" level="INFO">Clicking element 'xpath=//*[@id="homefeatured"]/li[5]/div/div[1]/div/a[2]/span'.</msg>
<status status="PASS" starttime="20180927 20:45:29.560" endtime="20180927 20:45:30.844"></status>
</kw>
<kw name="Wait Until Element Is Visible" library="SeleniumLibrary">
<doc>Waits until element ``locator`` is visible.</doc>
<arguments>
<arg>xpath=//*[@id="index"]/div[2]/div/div/a</arg>
</arguments>
<status status="PASS" starttime="20180927 20:45:30.845" endtime="20180927 20:45:31.352"></status>
</kw>
<kw name="Click Element" library="SeleniumLibrary">
<doc>Click element identified by ``locator``.</doc>
<arguments>
<arg>xpath=//*[@id="index"]/div[2]/div/div/a</arg>
</arguments>
<msg timestamp="20180927 20:45:31.353" level="INFO">Clicking element 'xpath=//*[@id="index"]/div[2]/div/div/a'.</msg>
<status status="PASS" starttime="20180927 20:45:31.353" endtime="20180927 20:45:31.436"></status>
</kw>
<kw name="Evaluate" library="BuiltIn">
<doc>Evaluates the given expression in Python and returns the results.</doc>
<arguments>
<arg>${contador} + 1</arg>
</arguments>
<assign>
<var>${contador}</var>
</assign>
<msg timestamp="20180927 20:45:31.437" level="INFO">${contador} = 5</msg>
<status status="PASS" starttime="20180927 20:45:31.437" endtime="20180927 20:45:31.437"></status>
</kw>
<status status="PASS" starttime="20180927 20:45:28.939" endtime="20180927 20:45:31.437"></status>
</kw>
<kw name="${elemento} = //*[@id=&quot;homefeatured&quot;]/li[6]/div/div[1]/div/a[2]/span" type="foritem">
<kw name="Log To Console" library="BuiltIn">
<doc>Logs the given message to the console.</doc>
<arguments>
<arg>${contador}</arg>
</arguments>
<status status="PASS" starttime="20180927 20:45:31.437" endtime="20180927 20:45:31.438"></status>
</kw>
<kw name="Mouse Over" library="SeleniumLibrary">
<doc>Simulates hovering mouse over the element ``locator``.</doc>
<arguments>
<arg>xpath=@{elementos_hover}[${contador}]</arg>
</arguments>
<msg timestamp="20180927 20:45:31.439" level="INFO">Simulating Mouse Over on element 'xpath=//*[@id="homefeatured"]/li[6]/div/div[1]/div/a[1]/img'.</msg>
<status status="PASS" starttime="20180927 20:45:31.438" endtime="20180927 20:45:31.492"></status>
</kw>
<kw name="Wait Until Element Is Visible" library="SeleniumLibrary">
<doc>Waits until element ``locator`` is visible.</doc>
<arguments>
<arg>xpath=${elemento}</arg>
</arguments>
<status status="PASS" starttime="20180927 20:45:31.492" endtime="20180927 20:45:31.973"></status>
</kw>
<kw name="Click Element" library="SeleniumLibrary">
<doc>Click element identified by ``locator``.</doc>
<arguments>
<arg>xpath=${elemento}</arg>
</arguments>
<msg timestamp="20180927 20:45:31.974" level="INFO">Clicking element 'xpath=//*[@id="homefeatured"]/li[6]/div/div[1]/div/a[2]/span'.</msg>
<status status="PASS" starttime="20180927 20:45:31.973" endtime="20180927 20:45:33.029"></status>
</kw>
<kw name="Wait Until Element Is Visible" library="SeleniumLibrary">
<doc>Waits until element ``locator`` is visible.</doc>
<arguments>
<arg>xpath=//*[@id="index"]/div[2]/div/div/a</arg>
</arguments>
<status status="PASS" starttime="20180927 20:45:33.029" endtime="20180927 20:45:33.539"></status>
</kw>
<kw name="Click Element" library="SeleniumLibrary">
<doc>Click element identified by ``locator``.</doc>
<arguments>
<arg>xpath=//*[@id="index"]/div[2]/div/div/a</arg>
</arguments>
<msg timestamp="20180927 20:45:33.539" level="INFO">Clicking element 'xpath=//*[@id="index"]/div[2]/div/div/a'.</msg>
<status status="PASS" starttime="20180927 20:45:33.539" endtime="20180927 20:45:33.606"></status>
</kw>
<kw name="Evaluate" library="BuiltIn">
<doc>Evaluates the given expression in Python and returns the results.</doc>
<arguments>
<arg>${contador} + 1</arg>
</arguments>
<assign>
<var>${contador}</var>
</assign>
<msg timestamp="20180927 20:45:33.607" level="INFO">${contador} = 6</msg>
<status status="PASS" starttime="20180927 20:45:33.606" endtime="20180927 20:45:33.607"></status>
</kw>
<status status="PASS" starttime="20180927 20:45:31.437" endtime="20180927 20:45:33.607"></status>
</kw>
<kw name="${elemento} = //*[@id=&quot;homefeatured&quot;]/li[7]/div/div[1]/div/a[2]/span" type="foritem">
<kw name="Log To Console" library="BuiltIn">
<doc>Logs the given message to the console.</doc>
<arguments>
<arg>${contador}</arg>
</arguments>
<status status="PASS" starttime="20180927 20:45:33.607" endtime="20180927 20:45:33.607"></status>
</kw>
<kw name="Mouse Over" library="SeleniumLibrary">
<doc>Simulates hovering mouse over the element ``locator``.</doc>
<arguments>
<arg>xpath=@{elementos_hover}[${contador}]</arg>
</arguments>
<msg timestamp="20180927 20:45:33.608" level="INFO">Simulating Mouse Over on element 'xpath=//*[@id="homefeatured"]/li[7]/div/div[1]/div/a[1]/img'.</msg>
<status status="PASS" starttime="20180927 20:45:33.608" endtime="20180927 20:45:33.666"></status>
</kw>
<kw name="Wait Until Element Is Visible" library="SeleniumLibrary">
<doc>Waits until element ``locator`` is visible.</doc>
<arguments>
<arg>xpath=${elemento}</arg>
</arguments>
<status status="PASS" starttime="20180927 20:45:33.666" endtime="20180927 20:45:34.165"></status>
</kw>
<kw name="Click Element" library="SeleniumLibrary">
<doc>Click element identified by ``locator``.</doc>
<arguments>
<arg>xpath=${elemento}</arg>
</arguments>
<msg timestamp="20180927 20:45:34.166" level="INFO">Clicking element 'xpath=//*[@id="homefeatured"]/li[7]/div/div[1]/div/a[2]/span'.</msg>
<status status="PASS" starttime="20180927 20:45:34.165" endtime="20180927 20:45:35.114"></status>
</kw>
<kw name="Wait Until Element Is Visible" library="SeleniumLibrary">
<doc>Waits until element ``locator`` is visible.</doc>
<arguments>
<arg>xpath=//*[@id="index"]/div[2]/div/div/a</arg>
</arguments>
<status status="PASS" starttime="20180927 20:45:35.114" endtime="20180927 20:45:35.631"></status>
</kw>
<kw name="Click Element" library="SeleniumLibrary">
<doc>Click element identified by ``locator``.</doc>
<arguments>
<arg>xpath=//*[@id="index"]/div[2]/div/div/a</arg>
</arguments>
<msg timestamp="20180927 20:45:35.632" level="INFO">Clicking element 'xpath=//*[@id="index"]/div[2]/div/div/a'.</msg>
<status status="PASS" starttime="20180927 20:45:35.632" endtime="20180927 20:45:35.697"></status>
</kw>
<kw name="Evaluate" library="BuiltIn">
<doc>Evaluates the given expression in Python and returns the results.</doc>
<arguments>
<arg>${contador} + 1</arg>
</arguments>
<assign>
<var>${contador}</var>
</assign>
<msg timestamp="20180927 20:45:35.698" level="INFO">${contador} = 7</msg>
<status status="PASS" starttime="20180927 20:45:35.697" endtime="20180927 20:45:35.698"></status>
</kw>
<status status="PASS" starttime="20180927 20:45:33.607" endtime="20180927 20:45:35.698"></status>
</kw>
<status status="PASS" starttime="20180927 20:45:18.376" endtime="20180927 20:45:35.698"></status>
</kw>
<kw name="Close Browser" library="SeleniumLibrary">
<doc>Closes the current browser.</doc>
<status status="PASS" starttime="20180927 20:45:35.698" endtime="20180927 20:45:37.961"></status>
</kw>
<status status="PASS" starttime="20180927 20:45:07.295" endtime="20180927 20:45:37.962" critical="yes"></status>
</test>
<status status="PASS" starttime="20180927 20:45:07.100" endtime="20180927 20:45:37.971"></status>
</suite>
<statistics>
<total>
<stat pass="1" fail="0">Critical Tests</stat>
<stat pass="1" fail="0">All Tests</stat>
</total>
<tag>
</tag>
<suite>
<stat pass="1" fail="0" id="s1" name="Loop">Loop</stat>
</suite>
</statistics>
<errors>
</errors>
</robot>
